<?xml version="1.0" encoding="UTF-8"?>
<testng-results ignored="0" total="1" passed="1" failed="0" skipped="0">
  <reporter-output>
  </reporter-output>
  <suite started-at="2024-10-30T11:52:39 IST" name="Default suite" finished-at="2024-10-30T11:52:48 IST" duration-ms="8841">
    <groups>
    </groups>
    <test started-at="2024-10-30T11:52:39 IST" name="Default test" finished-at="2024-10-30T11:52:48 IST" duration-ms="8841">
      <class name="SampleTests.Incognito">
        <test-method signature="runIncognito()[pri:0, instance:SampleTests.Incognito@4c371370]" started-at="2024-10-30T11:52:39 IST" name="runIncognito" finished-at="2024-10-30T11:52:48 IST" duration-ms="8784" status="PASS">
          <reporter-output>
          </reporter-output>
        </test-method> <!-- runIncognito -->
      </class> <!-- SampleTests.Incognito -->
    </test> <!-- Default test -->
  </suite> <!-- Default suite -->
</testng-results>
